<?xml version="1.0" encoding="UTF-8"?>
<!-- Generated by org.testng.reporters.JUnitReportReporter -->
<testsuite skipped="0" hostname="lapdell-0090" name="com.demo.test.SearchFunction" tests="2" failures="0" timestamp="2022-02-16T16:31:47 ICT" time="8.361" errors="0">
  <testcase name="Search_results_displayed_should_be_relevant_to_search_keyword" time="4.224" classname="com.demo.test.SearchFunction"/>
  <testcase name="Not_found_message_appears_when_keyword_does_not_match_any_item" time="4.137" classname="com.demo.test.SearchFunction"/>
</testsuite> <!-- com.demo.test.SearchFunction -->
